<?xml version="1.0" encoding="UTF-8"?>
<testng-results skipped="0" failed="0" total="1" passed="1">
  <reporter-output>
  </reporter-output>
  <suite name="Default suite" duration-ms="17675" started-at="2019-10-19T02:41:07Z" finished-at="2019-10-19T02:41:25Z">
    <groups>
    </groups>
    <test name="Default test" duration-ms="17675" started-at="2019-10-19T02:41:07Z" finished-at="2019-10-19T02:41:25Z">
      <class name="pageobject.pagefactorywithoutfindby">
        <test-method status="PASS" signature="login()[pri:0, instance:pageobject.pagefactorywithoutfindby@4f933fd1]" name="login" duration-ms="17660" started-at="2019-10-19T08:11:07Z" finished-at="2019-10-19T08:11:25Z">
          <reporter-output>
          </reporter-output>
        </test-method> <!-- login -->
      </class> <!-- pageobject.pagefactorywithoutfindby -->
    </test> <!-- Default test -->
  </suite> <!-- Default suite -->
</testng-results>
